This file contains any messages produced by compilers while
running configure, to aid debugging if configure makes a mistake.

It was created by configure, which was
generated by GNU Autoconf 2.69.  Invocation command line was

  $ ./configure 

## --------- ##
## Platform. ##
## --------- ##

hostname = MacBook-Pro-van-Bart-Gysens-2.local
uname -m = x86_64
uname -r = 13.4.0
uname -s = Darwin
uname -v = Darwin Kernel Version 13.4.0: Wed Dec 17 19:05:52 PST 2014; root:xnu-2422.115.10~1/RELEASE_X86_64

/usr/bin/uname -p = i386
/bin/uname -X     = unknown

/bin/arch              = unknown
/usr/bin/arch -k       = unknown
/usr/convex/getsysinfo = unknown
/usr/bin/hostinfo      = Mach kernel version:
	 Darwin Kernel Version 13.4.0: Wed Dec 17 19:05:52 PST 2014; root:xnu-2422.115.10~1/RELEASE_X86_64
Kernel configured for up to 2 processors.
2 processors are physically available.
2 processors are logically available.
Processor type: i486 (Intel 80486)
Processors active: 0 1
Primary memory available: 4.00 gigabytes
Default processor set: 185 tasks, 927 threads, 2 processors
Load average: 2.00, Mach factor: 0.36
/bin/machine           = unknown
/usr/bin/oslevel       = unknown
/bin/universe          = unknown

PATH: /usr/bin
PATH: /bin
PATH: /usr/sbin
PATH: /sbin
PATH: /usr/local/bin
PATH: /usr/local/mysql/bin


## ----------- ##
## Core tests. ##
## ----------- ##

configure:2312: checking for grep that handles long lines and -e
configure:2370: result: /usr/bin/grep
configure:2375: checking for egrep
configure:2437: result: /usr/bin/grep -E
configure:2442: checking for a sed that does not truncate output
configure:2496: result: /usr/bin/sed
configure:2628: checking for cc
configure:2644: found /usr/bin/cc
configure:2655: result: cc
configure:2686: checking for C compiler version
configure:2695: cc --version >&5
Apple LLVM version 6.0 (clang-600.0.56) (based on LLVM 3.5svn)
Target: x86_64-apple-darwin13.4.0
Thread model: posix
configure:2706: $? = 0
configure:2695: cc -v >&5
Apple LLVM version 6.0 (clang-600.0.56) (based on LLVM 3.5svn)
Target: x86_64-apple-darwin13.4.0
Thread model: posix
configure:2706: $? = 0
configure:2695: cc -V >&5
clang: error: argument to '-V' is missing (expected 1 value)
clang: error: no input files
configure:2706: $? = 1
configure:2695: cc -qversion >&5
clang: error: unknown argument: '-qversion'
clang: error: no input files
configure:2706: $? = 1
configure:2726: checking whether the C compiler works
configure:2748: cc    conftest.c  >&5
configure:2752: $? = 0
configure:2800: result: yes
configure:2803: checking for C compiler default output file name
configure:2805: result: a.out
configure:2811: checking for suffix of executables
configure:2818: cc -o conftest    conftest.c  >&5
configure:2822: $? = 0
configure:2844: result: 
configure:2866: checking whether we are cross compiling
configure:2874: cc -o conftest    conftest.c  >&5
configure:2878: $? = 0
configure:2885: ./conftest
configure:2889: $? = 0
configure:2904: result: no
configure:2909: checking for suffix of object files
configure:2931: cc -c   conftest.c >&5
configure:2935: $? = 0
configure:2956: result: o
configure:2960: checking whether we are using the GNU C compiler
configure:2979: cc -c   conftest.c >&5
configure:2979: $? = 0
configure:2988: result: yes
configure:2997: checking whether cc accepts -g
configure:3017: cc -c -g  conftest.c >&5
configure:3017: $? = 0
configure:3058: result: yes
configure:3075: checking for cc option to accept ISO C89
configure:3138: cc  -c -g -O2  conftest.c >&5
configure:3138: $? = 0
configure:3151: result: none needed
configure:3177: checking how to run the C preprocessor
configure:3208: cc -E  conftest.c
configure:3208: $? = 0
configure:3222: cc -E  conftest.c
conftest.c:9:10: fatal error: 'ac_nonexistent.h' file not found
#include <ac_nonexistent.h>
         ^
1 error generated.
configure:3222: $? = 1
configure: failed program was:
| /* confdefs.h */
| #define PACKAGE_NAME ""
| #define PACKAGE_TARNAME ""
| #define PACKAGE_VERSION ""
| #define PACKAGE_STRING ""
| #define PACKAGE_BUGREPORT ""
| #define PACKAGE_URL ""
| /* end confdefs.h.  */
| #include <ac_nonexistent.h>
configure:3247: result: cc -E
configure:3267: cc -E  conftest.c
configure:3267: $? = 0
configure:3281: cc -E  conftest.c
conftest.c:9:10: fatal error: 'ac_nonexistent.h' file not found
#include <ac_nonexistent.h>
         ^
1 error generated.
configure:3281: $? = 1
configure: failed program was:
| /* confdefs.h */
| #define PACKAGE_NAME ""
| #define PACKAGE_TARNAME ""
| #define PACKAGE_VERSION ""
| #define PACKAGE_STRING ""
| #define PACKAGE_BUGREPORT ""
| #define PACKAGE_URL ""
| /* end confdefs.h.  */
| #include <ac_nonexistent.h>
configure:3312: checking for icc
configure:3321: result: no
configure:3335: checking for suncc
configure:3344: result: no
configure:3362: checking whether cc understands -c and -o together
configure:3390: cc -c conftest.c -o conftest2.o >&5
configure:3394: $? = 0
configure:3400: cc -c conftest.c -o conftest2.o >&5
configure:3404: $? = 0
configure:3459: result: yes
configure:3473: checking for system library directory
configure:3488: result: lib
configure:3495: checking if compiler supports -R
configure:3514: cc -o conftest -g -O2   conftest.c -R /usr/lib  >&5
clang: warning: argument unused during compilation: '-R'
ld: can't map file, errno=22 file '/usr/lib' for architecture x86_64
clang: error: linker command failed with exit code 1 (use -v to see invocation)
configure:3514: $? = 1
configure: failed program was:
| /* confdefs.h */
| #define PACKAGE_NAME ""
| #define PACKAGE_TARNAME ""
| #define PACKAGE_VERSION ""
| #define PACKAGE_STRING ""
| #define PACKAGE_BUGREPORT ""
| #define PACKAGE_URL ""
| /* end confdefs.h.  */
| 
| int
| main ()
| {
| 
|   ;
|   return 0;
| }
configure:3524: result: no
configure:3529: checking if compiler supports -Wl,-rpath,
configure:3548: cc -o conftest -g -O2   conftest.c -Wl,-rpath,/usr/lib  >&5
configure:3548: $? = 0
configure:3558: result: yes
configure:3603: checking build system type
configure:3617: result: i386-apple-darwin13.4.0
configure:3637: checking host system type
configure:3650: result: i386-apple-darwin13.4.0
configure:3670: checking target system type
configure:3683: result: i386-apple-darwin13.4.0
configure:3786: checking for PHP prefix
configure:3788: result: /usr
configure:3790: checking for PHP includes
configure:3792: result: -I/usr/include/php -I/usr/include/php/main -I/usr/include/php/TSRM -I/usr/include/php/Zend -I/usr/include/php/ext -I/usr/include/php/ext/date/lib
configure:3794: checking for PHP extension directory
configure:3796: result: /usr/lib/php/extensions/no-debug-non-zts-20100525
configure:3798: checking for PHP installed headers prefix
configure:3800: result: /usr/include/php
configure:3803: checking if debug is enabled
configure:3829: result: no
configure:3832: checking if zts is enabled
configure:3858: result: no
configure:3929: checking for re2c
configure:3959: result: no
configure:3984: WARNING: You will need re2c 0.13.4 or later if you want to regenerate PHP parsers.
configure:3998: checking for gawk
configure:4029: result: no
configure:3998: checking for nawk
configure:4029: result: no
configure:3998: checking for awk
configure:4015: found /usr/bin/awk
configure:4026: result: awk
configure:4049: checking if awk is broken
configure:4056: result: no
configure:4070: checking whether to enable memcached support
configure:4109: result: yes, shared
configure:4118: checking for libmemcached
configure:4158: result: yes, shared
configure:4167: checking whether to enable memcached session handler support
configure:4181: result: yes
configure:4190: checking whether to enable memcached igbinary serializer support
configure:4204: result: no
configure:4213: checking whether to enable memcached json serializer support
configure:4227: result: no
configure:4236: checking whether to enable memcached msgpack serializer support
configure:4250: result: no
configure:4259: checking whether to enable memcached sasl support
configure:4273: result: yes
configure:4282: checking whether to enable memcached protocol support
configure:4296: result: no
configure:4306: checking for ZLIB
configure:4346: result: yes, shared
configure:4370: checking for pkg-config
configure:4388: found /usr/local/bin/pkg-config
configure:4401: result: /usr/local/bin/pkg-config
configure:4437: checking for zlib location
configure:4440: result: /usr
configure:4575: checking for session includes
configure:4596: result: /usr/include/php
configure:4738: checking for memcached session support
configure:4741: result: enabled
configure:4774: checking for memcached igbinary support
configure:4806: result: disabled
configure:4810: checking for memcached msgpack support
configure:4842: result: disabled
configure:4846: checking for libmemcached location
configure:4866: result: found version 1.0.18, under /usr/local/Cellar/libmemcached/1.0.18_1
configure:5008: checking whether to enable sasl support
configure:5011: result: yes
configure:5013: checking for ANSI C header files
configure:5033: cc -c -g -O2 -I/usr/include/php -I/usr/include/php/main -I/usr/include/php/TSRM -I/usr/include/php/Zend -I/usr/include/php/ext -I/usr/include/php/ext/date/lib -I/usr/local/Cellar/libmemcached/1.0.18_1/include  conftest.c >&5
configure:5033: $? = 0
configure:5106: cc -o conftest -g -O2 -I/usr/include/php -I/usr/include/php/main -I/usr/include/php/TSRM -I/usr/include/php/Zend -I/usr/include/php/ext -I/usr/include/php/ext/date/lib -I/usr/local/Cellar/libmemcached/1.0.18_1/include   conftest.c  >&5
configure:5106: $? = 0
configure:5106: ./conftest
configure:5106: $? = 0
configure:5117: result: yes
configure:5130: checking for sys/types.h
configure:5130: cc -c -g -O2 -I/usr/include/php -I/usr/include/php/main -I/usr/include/php/TSRM -I/usr/include/php/Zend -I/usr/include/php/ext -I/usr/include/php/ext/date/lib -I/usr/local/Cellar/libmemcached/1.0.18_1/include  conftest.c >&5
configure:5130: $? = 0
configure:5130: result: yes
configure:5130: checking for sys/stat.h
configure:5130: cc -c -g -O2 -I/usr/include/php -I/usr/include/php/main -I/usr/include/php/TSRM -I/usr/include/php/Zend -I/usr/include/php/ext -I/usr/include/php/ext/date/lib -I/usr/local/Cellar/libmemcached/1.0.18_1/include  conftest.c >&5
configure:5130: $? = 0
configure:5130: result: yes
configure:5130: checking for stdlib.h
configure:5130: cc -c -g -O2 -I/usr/include/php -I/usr/include/php/main -I/usr/include/php/TSRM -I/usr/include/php/Zend -I/usr/include/php/ext -I/usr/include/php/ext/date/lib -I/usr/local/Cellar/libmemcached/1.0.18_1/include  conftest.c >&5
configure:5130: $? = 0
configure:5130: result: yes
configure:5130: checking for string.h
configure:5130: cc -c -g -O2 -I/usr/include/php -I/usr/include/php/main -I/usr/include/php/TSRM -I/usr/include/php/Zend -I/usr/include/php/ext -I/usr/include/php/ext/date/lib -I/usr/local/Cellar/libmemcached/1.0.18_1/include  conftest.c >&5
configure:5130: $? = 0
configure:5130: result: yes
configure:5130: checking for memory.h
configure:5130: cc -c -g -O2 -I/usr/include/php -I/usr/include/php/main -I/usr/include/php/TSRM -I/usr/include/php/Zend -I/usr/include/php/ext -I/usr/include/php/ext/date/lib -I/usr/local/Cellar/libmemcached/1.0.18_1/include  conftest.c >&5
configure:5130: $? = 0
configure:5130: result: yes
configure:5130: checking for strings.h
configure:5130: cc -c -g -O2 -I/usr/include/php -I/usr/include/php/main -I/usr/include/php/TSRM -I/usr/include/php/Zend -I/usr/include/php/ext -I/usr/include/php/ext/date/lib -I/usr/local/Cellar/libmemcached/1.0.18_1/include  conftest.c >&5
configure:5130: $? = 0
configure:5130: result: yes
configure:5130: checking for inttypes.h
configure:5130: cc -c -g -O2 -I/usr/include/php -I/usr/include/php/main -I/usr/include/php/TSRM -I/usr/include/php/Zend -I/usr/include/php/ext -I/usr/include/php/ext/date/lib -I/usr/local/Cellar/libmemcached/1.0.18_1/include  conftest.c >&5
configure:5130: $? = 0
configure:5130: result: yes
configure:5130: checking for stdint.h
configure:5130: cc -c -g -O2 -I/usr/include/php -I/usr/include/php/main -I/usr/include/php/TSRM -I/usr/include/php/Zend -I/usr/include/php/ext -I/usr/include/php/ext/date/lib -I/usr/local/Cellar/libmemcached/1.0.18_1/include  conftest.c >&5
configure:5130: $? = 0
configure:5130: result: yes
configure:5130: checking for unistd.h
configure:5130: cc -c -g -O2 -I/usr/include/php -I/usr/include/php/main -I/usr/include/php/TSRM -I/usr/include/php/Zend -I/usr/include/php/ext -I/usr/include/php/ext/date/lib -I/usr/local/Cellar/libmemcached/1.0.18_1/include  conftest.c >&5
configure:5130: $? = 0
configure:5130: result: yes
configure:5144: checking sasl/sasl.h usability
configure:5144: cc -c -g -O2 -I/usr/include/php -I/usr/include/php/main -I/usr/include/php/TSRM -I/usr/include/php/Zend -I/usr/include/php/ext -I/usr/include/php/ext/date/lib -I/usr/local/Cellar/libmemcached/1.0.18_1/include  conftest.c >&5
configure:5144: $? = 0
configure:5144: result: yes
configure:5144: checking sasl/sasl.h presence
configure:5144: cc -E  conftest.c
configure:5144: $? = 0
configure:5144: result: yes
configure:5144: checking for sasl/sasl.h
configure:5144: result: yes
configure:5159: checking whether libmemcached supports sasl
configure:5182: cc -c -g -O2 -I/usr/include/php -I/usr/include/php/main -I/usr/include/php/TSRM -I/usr/include/php/Zend -I/usr/include/php/ext -I/usr/include/php/ext/date/lib -I/usr/local/Cellar/libmemcached/1.0.18_1/include  conftest.c >&5
configure:5182: $? = 0
configure:5191: result: yes
configure:5290: checking for sasl_client_init in -lsasl2
configure:5315: cc -o conftest -g -O2 -I/usr/include/php -I/usr/include/php/main -I/usr/include/php/TSRM -I/usr/include/php/Zend -I/usr/include/php/ext -I/usr/include/php/ext/date/lib -I/usr/local/Cellar/libmemcached/1.0.18_1/include   conftest.c -lsasl2   >&5
configure:5315: $? = 0
configure:5324: result: yes
configure:5384: checking for memcached protocol support
configure:5671: result: disabled
configure:6099: checking for ld used by cc
configure:6166: result: /Library/Developer/CommandLineTools/usr/bin/ld
configure:6173: checking if the linker (/Library/Developer/CommandLineTools/usr/bin/ld) is GNU ld
configure:6188: result: no
configure:6193: checking for /Library/Developer/CommandLineTools/usr/bin/ld option to reload object files
configure:6200: result: -r
configure:6218: checking for BSD-compatible nm
configure:6267: result: /usr/bin/nm
configure:6271: checking whether ln -s works
configure:6275: result: yes
configure:6282: checking how to recognize dependent libraries
configure:6468: result: pass_all
configure:6682: checking dlfcn.h usability
configure:6682: cc -c -g -O2  conftest.c >&5
configure:6682: $? = 0
configure:6682: result: yes
configure:6682: checking dlfcn.h presence
configure:6682: cc -E  conftest.c
configure:6682: $? = 0
configure:6682: result: yes
configure:6682: checking for dlfcn.h
configure:6682: result: yes
configure:6704: checking the maximum length of command line arguments
configure:6816: result: 196608
configure:6828: checking command to parse /usr/bin/nm output from cc object
configure:6933: cc -c -g -O2  conftest.c >&5
configure:6936: $? = 0
configure:6940: /usr/bin/nm conftest.o \| sed -n -e 's/^.*[ 	]\([BCDEGRST][BCDEGRST]*\)[ 	][ 	]*\([_A-Za-z][_A-Za-z0-9]*\)$/\1 \2 \2/p' \> conftest.nm
configure:6943: $? = 0
cannot find nm_test_var in conftest.nm
configure:6933: cc -c -g -O2  conftest.c >&5
configure:6936: $? = 0
configure:6940: /usr/bin/nm conftest.o \| sed -n -e 's/^.*[ 	]\([BCDEGRST][BCDEGRST]*\)[ 	][ 	]*_\([_A-Za-z][_A-Za-z0-9]*\)$/\1 _\2 \2/p' \> conftest.nm
configure:6943: $? = 0
configure:6995: cc -o conftest -g -O2   conftest.c conftstm.o >&5
configure:6998: $? = 0
configure:7036: result: ok
configure:7040: checking for objdir
configure:7055: result: .libs
configure:7147: checking for ar
configure:7163: found /usr/bin/ar
configure:7174: result: ar
configure:7239: checking for ranlib
configure:7255: found /usr/bin/ranlib
configure:7266: result: ranlib
configure:7331: checking for strip
configure:7347: found /usr/bin/strip
configure:7358: result: strip
configure:7611: checking for dsymutil
configure:7627: found /usr/bin/dsymutil
configure:7638: result: dsymutil
configure:7703: checking for nmedit
configure:7719: found /usr/bin/nmedit
configure:7730: result: nmedit
configure:7753: checking for -single_module linker flag
configure:7774: result: yes
configure:7776: checking for -exported_symbols_list linker flag
configure:7792: cc -o conftest -g -O2   -Wl,-exported_symbols_list,conftest.sym conftest.c  >&5
configure:7795: $? = 0
configure:7809: result: yes
configure:7927: checking if cc supports -fno-rtti -fno-exceptions
configure:7945: cc -c -g -O2  -fno-rtti -fno-exceptions conftest.c >&5
configure:7949: $? = 0
configure:7962: result: yes
configure:7977: checking for cc option to produce PIC
configure:8217: result: -fno-common
configure:8225: checking if cc PIC flag -fno-common works
configure:8243: cc -c -g -O2  -fno-common -DPIC conftest.c >&5
configure:8247: $? = 0
configure:8260: result: yes
configure:8288: checking if cc static flag -static works
configure:8316: result: no
configure:8326: checking if cc supports -c -o file.o
configure:8347: cc -c -g -O2  -o out/conftest2.o conftest.c >&5
configure:8351: $? = 0
configure:8373: result: yes
configure:8399: checking whether the cc linker (/Library/Developer/CommandLineTools/usr/bin/ld) supports shared libraries
configure:9331: result: yes
configure:9398: checking dynamic linker characteristics
configure:10000: result: darwin13.4.0 dyld
configure:10024: checking how to hardcode library paths into programs
configure:10049: result: immediate
configure:10063: checking whether stripping libraries is possible
configure:10077: result: yes
configure:10585: checking if libtool supports shared libraries
configure:10587: result: yes
configure:10590: checking whether to build shared libraries
configure:10611: result: yes
configure:10614: checking whether to build static libraries
configure:10618: result: no
configure:10713: result:
creating libtool
configure:14416: creating ./config.status

## ---------------------- ##
## Running config.status. ##
## ---------------------- ##

This file was extended by config.status, which was
generated by GNU Autoconf 2.69.  Invocation command line was

  CONFIG_FILES    = 
  CONFIG_HEADERS  = 
  CONFIG_LINKS    = 
  CONFIG_COMMANDS = 
  $ ./config.status 

on MacBook-Pro-van-Bart-Gysens-2.local

config.status:679: creating config.h

## ---------------- ##
## Cache variables. ##
## ---------------- ##

ac_cv_build=i386-apple-darwin13.4.0
ac_cv_c_compiler_gnu=yes
ac_cv_env_CC_set=
ac_cv_env_CC_value=
ac_cv_env_CFLAGS_set=
ac_cv_env_CFLAGS_value=
ac_cv_env_CPPFLAGS_set=
ac_cv_env_CPPFLAGS_value=
ac_cv_env_CPP_set=
ac_cv_env_CPP_value=
ac_cv_env_LDFLAGS_set=
ac_cv_env_LDFLAGS_value=
ac_cv_env_LIBS_set=
ac_cv_env_LIBS_value=
ac_cv_env_build_alias_set=
ac_cv_env_build_alias_value=
ac_cv_env_host_alias_set=
ac_cv_env_host_alias_value=
ac_cv_env_target_alias_set=
ac_cv_env_target_alias_value=
ac_cv_have_memc_sasl_h=yes
ac_cv_header_dlfcn_h=yes
ac_cv_header_inttypes_h=yes
ac_cv_header_memory_h=yes
ac_cv_header_sasl_sasl_h=yes
ac_cv_header_stdc=yes
ac_cv_header_stdint_h=yes
ac_cv_header_stdlib_h=yes
ac_cv_header_string_h=yes
ac_cv_header_strings_h=yes
ac_cv_header_sys_stat_h=yes
ac_cv_header_sys_types_h=yes
ac_cv_header_unistd_h=yes
ac_cv_host=i386-apple-darwin13.4.0
ac_cv_lib_sasl2_sasl_client_init=yes
ac_cv_memc_sasl_support=yes
ac_cv_objext=o
ac_cv_path_EGREP='/usr/bin/grep -E'
ac_cv_path_GREP=/usr/bin/grep
ac_cv_path_PKG_CONFIG=/usr/local/bin/pkg-config
ac_cv_prog_AWK=awk
ac_cv_prog_CPP='cc -E'
ac_cv_prog_ac_ct_AR=ar
ac_cv_prog_ac_ct_CC=cc
ac_cv_prog_ac_ct_DSYMUTIL=dsymutil
ac_cv_prog_ac_ct_NMEDIT=nmedit
ac_cv_prog_ac_ct_RANLIB=ranlib
ac_cv_prog_ac_ct_STRIP=strip
ac_cv_prog_cc_c89=
ac_cv_prog_cc_cc_c_o=yes
ac_cv_prog_cc_g=yes
ac_cv_target=i386-apple-darwin13.4.0
lt_cv_apple_cc_single_mod=yes
lt_cv_deplibs_check_method=pass_all
lt_cv_file_magic_cmd='$MAGIC_CMD'
lt_cv_file_magic_test_file=
lt_cv_ld_exported_symbols_list=yes
lt_cv_ld_reload_flag=-r
lt_cv_objdir=.libs
lt_cv_path_LD=/Library/Developer/CommandLineTools/usr/bin/ld
lt_cv_path_NM=/usr/bin/nm
lt_cv_path_SED=/usr/bin/sed
lt_cv_prog_compiler_c_o=yes
lt_cv_prog_compiler_pic_works=yes
lt_cv_prog_compiler_rtti_exceptions=yes
lt_cv_prog_compiler_static_works=no
lt_cv_prog_gnu_ld=no
lt_cv_sys_global_symbol_pipe='sed -n -e '\''s/^.*[ 	]\([BCDEGRST][BCDEGRST]*\)[ 	][ 	]*_\([_A-Za-z][_A-Za-z0-9]*\)$/\1 _\2 \2/p'\'''
lt_cv_sys_global_symbol_to_c_name_address='sed -n -e '\''s/^: \([^ ]*\) $/  {\"\1\", (lt_ptr) 0},/p'\'' -e '\''s/^[BCDEGRST] \([^ ]*\) \([^ ]*\)$/  {"\2", (lt_ptr) \&\2},/p'\'''
lt_cv_sys_global_symbol_to_cdecl='sed -n -e '\''s/^. .* \(.*\)$/extern int \1;/p'\'''
lt_cv_sys_lib_dlsearch_path_spec='/usr/local/lib /lib /usr/lib'
lt_cv_sys_lib_search_path_spec='/Library/Developer/CommandLineTools/usr/lib/clang/6.0 /usr/local/lib'
lt_cv_sys_max_cmd_len=196608
lt_lt_cv_prog_compiler_c_o='"yes"'
lt_lt_cv_sys_global_symbol_pipe='"sed -n -e '\''s/^.*[ 	]\\([BCDEGRST][BCDEGRST]*\\)[ 	][ 	]*_\\([_A-Za-z][_A-Za-z0-9]*\\)\$/\\1 _\\2 \\2/p'\''"'
lt_lt_cv_sys_global_symbol_to_c_name_address='"sed -n -e '\''s/^: \\([^ ]*\\) \$/  {\\\"\\1\\\", (lt_ptr) 0},/p'\'' -e '\''s/^[BCDEGRST] \\([^ ]*\\) \\([^ ]*\\)\$/  {\"\\2\", (lt_ptr) \\&\\2},/p'\''"'
lt_lt_cv_sys_global_symbol_to_cdecl='"sed -n -e '\''s/^. .* \\(.*\\)\$/extern int \\1;/p'\''"'
php_cv_cc_dashr=no
php_cv_cc_rpath=yes

## ----------------- ##
## Output variables. ##
## ----------------- ##

AR='ar'
AWK='awk'
CC='cc'
CFLAGS='-g -O2'
CONFIGURE_COMMAND=' '\''./configure'\'' '
CONFIGURE_OPTIONS=''
CPP='cc -E'
CPPFLAGS=' -DHAVE_CONFIG_H'
DEFS='-DHAVE_CONFIG_H'
DSYMUTIL='dsymutil'
ECHO='/bin/echo'
ECHO_C='\c'
ECHO_N=''
ECHO_T=''
EGREP='/usr/bin/grep -E'
EXEEXT=''
GREP='/usr/bin/grep'
LDFLAGS=''
LIBOBJS=''
LIBS=''
LIBTOOL='$(SHELL) $(top_builddir)/libtool'
LN_S='ln -s'
LTLIBOBJS=''
NMEDIT='nmedit'
OBJEXT='o'
PACKAGE_BUGREPORT=''
PACKAGE_NAME=''
PACKAGE_STRING=''
PACKAGE_TARNAME=''
PACKAGE_URL=''
PACKAGE_VERSION=''
PATH_SEPARATOR=':'
PKG_CONFIG='/usr/local/bin/pkg-config'
RANLIB='ranlib'
RE2C='exit 0;'
SED='/usr/bin/sed'
SHELL='/bin/sh'
SHLIB_DL_SUFFIX_NAME='so'
SHLIB_SUFFIX_NAME='dylib'
STRIP='strip'
ac_ct_CC='cc'
bindir='${exec_prefix}/bin'
build='i386-apple-darwin13.4.0'
build_alias=''
build_cpu='i386'
build_os='darwin13.4.0'
build_vendor='apple'
datadir='${datarootdir}'
datarootdir='${prefix}/share'
docdir='${datarootdir}/doc/${PACKAGE}'
dvidir='${docdir}'
exec_prefix='$(prefix)'
host='i386-apple-darwin13.4.0'
host_alias='i386-apple-darwin13.4.0'
host_cpu='i386'
host_os='darwin13.4.0'
host_vendor='apple'
htmldir='${docdir}'
includedir='${prefix}/include'
infodir='${datarootdir}/info'
libdir='${exec_prefix}/lib'
libexecdir='${exec_prefix}/libexec'
localedir='${datarootdir}/locale'
localstatedir='${prefix}/var'
mandir='${datarootdir}/man'
oldincludedir='/usr/include'
pdfdir='${docdir}'
prefix='/usr'
program_transform_name='s,x,x,'
psdir='${docdir}'
sbindir='${exec_prefix}/sbin'
sharedstatedir='${prefix}/com'
sysconfdir='${prefix}/etc'
target='i386-apple-darwin13.4.0'
target_alias=''
target_cpu='i386'
target_os='darwin13.4.0'
target_vendor='apple'

## ----------- ##
## confdefs.h. ##
## ----------- ##

/* confdefs.h */
#define PACKAGE_NAME ""
#define PACKAGE_TARNAME ""
#define PACKAGE_VERSION ""
#define PACKAGE_STRING ""
#define PACKAGE_BUGREPORT ""
#define PACKAGE_URL ""
#define HAVE_MEMCACHED_SESSION 1
#define STDC_HEADERS 1
#define HAVE_SYS_TYPES_H 1
#define HAVE_SYS_STAT_H 1
#define HAVE_STDLIB_H 1
#define HAVE_STRING_H 1
#define HAVE_MEMORY_H 1
#define HAVE_STRINGS_H 1
#define HAVE_INTTYPES_H 1
#define HAVE_STDINT_H 1
#define HAVE_UNISTD_H 1
#define HAVE_SASL_SASL_H 1
#define HAVE_MEMCACHED_SASL 1
#define COMPILE_DL_MEMCACHED 1
#define HAVE_DLFCN_H 1

configure: exit 0
